<?xml version="1.0" encoding="UTF-8"?>
<testsuite name="org.example.CalculatorTest" tests="2" skipped="0" failures="0" errors="0" timestamp="2023-03-22T14:30:25" hostname="SamsPC" time="0.018">
  <properties/>
  <testcase name="Calculator_test3plus3is6()" classname="org.example.CalculatorTest" time="0.016"/>
  <testcase name="Calculator_test4plus5is9()" classname="org.example.CalculatorTest" time="0.001"/>
  <system-out><![CDATA[]]></system-out>
  <system-err><![CDATA[]]></system-err>
</testsuite>
